0 info it worked if it ends with ok
1 verbose cli [ '/usr/local/bin/node', '/usr/local/bin/npm', 'install' ]
2 info using npm@3.10.10
3 info using node@v6.9.4
4 silly loadCurrentTree Starting
5 silly install loadCurrentTree
6 silly install readLocalPackageData
7 silly install normalizeTree
8 silly loadCurrentTree Finishing
9 silly loadIdealTree Starting
10 silly install loadIdealTree
11 silly cloneCurrentTree Starting
12 silly install cloneCurrentTreeToIdealTree
13 silly cloneCurrentTree Finishing
14 silly loadShrinkwrap Starting
15 silly install loadShrinkwrap
16 silly loadShrinkwrap Finishing
17 silly loadAllDepsIntoIdealTree Starting
18 silly install loadAllDepsIntoIdealTree
19 silly loadAllDepsIntoIdealTree Finishing
20 silly loadIdealTree Finishing
21 silly currentTree bossyui@0.0.1
21 silly currentTree ├── @angular/common@2.0.0
21 silly currentTree ├── @angular/compiler@2.0.0
21 silly currentTree ├── @angular/core@2.0.0
21 silly currentTree ├── @angular/forms@2.0.0
21 silly currentTree ├── @angular/http@2.0.0
21 silly currentTree ├── @angular/platform-browser-dynamic@2.0.0
21 silly currentTree ├── @angular/platform-browser@2.0.0
21 silly currentTree ├── @angular/router@3.0.0
21 silly currentTree ├── @angular/upgrade@2.0.0
21 silly currentTree ├── @types/core-js@0.9.35
21 silly currentTree ├── @types/jasmine@2.5.46
21 silly currentTree ├── @types/node@7.0.5
21 silly currentTree ├── @types/validate.js@0.0.2
21 silly currentTree ├── accepts@1.3.3
21 silly currentTree ├── ace-builds@1.2.6
21 silly currentTree ├── acorn-jsx@3.0.1
21 silly currentTree ├── acorn@3.3.0
21 silly currentTree ├── after@0.8.2
21 silly currentTree ├── amdefine@1.0.1
21 silly currentTree ├── angular2-in-memory-web-api@0.0.20
21 silly currentTree ├─┬ ansi-align@1.1.0
21 silly currentTree │ ├── ansi-regex@2.1.1
21 silly currentTree │ ├── string-width@1.0.2
21 silly currentTree │ └── strip-ansi@3.0.1
21 silly currentTree ├── ansi-regex@0.2.1
21 silly currentTree ├── ansi-styles@1.1.0
21 silly currentTree ├── anymatch@1.3.0
21 silly currentTree ├── archy@1.0.0
21 silly currentTree ├── arr-diff@2.0.0
21 silly currentTree ├── arr-flatten@1.0.1
21 silly currentTree ├── array-differ@1.0.0
21 silly currentTree ├── array-flatten@1.1.1
21 silly currentTree ├── array-slice@0.2.3
21 silly currentTree ├── array-union@1.0.2
21 silly currentTree ├── array-uniq@1.0.3
21 silly currentTree ├── array-unique@0.2.1
21 silly currentTree ├── arraybuffer.slice@0.0.6
21 silly currentTree ├── arrify@1.0.1
21 silly currentTree ├── async-each@1.0.1
21 silly currentTree ├── async@1.5.2
21 silly currentTree ├─┬ babel-code-frame@6.22.0
21 silly currentTree │ ├── ansi-regex@2.1.1
21 silly currentTree │ ├── ansi-styles@2.2.1
21 silly currentTree │ ├── chalk@1.1.3
21 silly currentTree │ ├── has-ansi@2.0.0
21 silly currentTree │ ├── strip-ansi@3.0.1
21 silly currentTree │ └── supports-color@2.0.0
21 silly currentTree ├── backo2@1.0.2
21 silly currentTree ├── bal-util@1.13.13
21 silly currentTree ├── balanced-match@0.4.2
21 silly currentTree ├── base64-arraybuffer@0.1.5
21 silly currentTree ├── base64id@1.0.0
21 silly currentTree ├── batch@0.5.3
21 silly currentTree ├── beeper@1.1.1
21 silly currentTree ├── better-assert@1.0.2
21 silly currentTree ├── binary-extensions@1.8.0
21 silly currentTree ├── blob@0.0.4
21 silly currentTree ├── bluebird@2.9.6
21 silly currentTree ├── body-parser@1.17.1
21 silly currentTree ├── bootstrap@4.0.0-alpha.6
21 silly currentTree ├─┬ boxen@1.0.0
21 silly currentTree │ ├── ansi-regex@2.1.1
21 silly currentTree │ ├── ansi-styles@2.2.1
21 silly currentTree │ ├── chalk@1.1.3
21 silly currentTree │ ├── has-ansi@2.0.0
21 silly currentTree │ ├── strip-ansi@3.0.1
21 silly currentTree │ └── supports-color@2.0.0
21 silly currentTree ├── brace-expansion@1.1.6
21 silly currentTree ├── braces@1.8.5
21 silly currentTree ├── buffer-shims@1.0.0
21 silly currentTree ├── bytes@2.4.0
21 silly currentTree ├── callsite@1.0.0
21 silly currentTree ├── camelcase@4.0.0
21 silly currentTree ├── capture-stack-trace@1.0.0
21 silly currentTree ├── catharsis@0.8.8
21 silly currentTree ├── chalk@0.5.1
21 silly currentTree ├── chokidar@1.5.2
21 silly currentTree ├── cli-boxes@1.0.0
21 silly currentTree ├── cli@1.0.1
21 silly currentTree ├── clone-stats@0.0.1
21 silly currentTree ├── clone@1.0.2
21 silly currentTree ├── code-point-at@1.1.0
21 silly currentTree ├── colors@1.1.2
21 silly currentTree ├── commander@2.6.0
21 silly currentTree ├── component-bind@1.0.0
21 silly currentTree ├── component-emitter@1.1.2
21 silly currentTree ├── component-inherit@0.0.3
21 silly currentTree ├── concat-map@0.0.1
21 silly currentTree ├── concurrently@2.2.0
21 silly currentTree ├── configstore@3.0.0
21 silly currentTree ├─┬ connect@3.6.0
21 silly currentTree │ └── finalhandler@1.0.0
21 silly currentTree ├─┬ consolidate@0.14.5
21 silly currentTree │ └── bluebird@3.5.0
21 silly currentTree ├── content-disposition@0.5.2
21 silly currentTree ├── content-type@1.0.2
21 silly currentTree ├── cookie-signature@1.0.6
21 silly currentTree ├── cookie@0.3.1
21 silly currentTree ├── core-js@2.4.1
21 silly currentTree ├── core-util-is@1.0.2
21 silly currentTree ├── create-error-class@3.0.2
21 silly currentTree ├─┬ cross-spawn-async@2.2.5
21 silly currentTree │ └── lru-cache@4.0.2
21 silly currentTree ├── cross-spawn@0.2.9
21 silly currentTree ├── crypto-random-string@1.0.0
21 silly currentTree ├── custom-event@1.0.1
21 silly currentTree ├── dateformat@2.0.0
21 silly currentTree ├── debug@2.6.1
21 silly currentTree ├── deep-extend@0.4.1
21 silly currentTree ├── defaults@1.0.3
21 silly currentTree ├── del@1.2.1
21 silly currentTree ├── depd@1.1.0
21 silly currentTree ├── deprecated@0.0.1
21 silly currentTree ├── destroy@1.0.4
21 silly currentTree ├── detect-file@0.1.0
21 silly currentTree ├── di@0.0.1
21 silly currentTree ├── diff@3.2.0
21 silly currentTree ├── dom-serialize@2.2.1
21 silly currentTree ├── dot-prop@4.1.1
21 silly currentTree ├─┬ duplexer2@0.0.2
21 silly currentTree │ ├── isarray@0.0.1
21 silly currentTree │ └── readable-stream@1.1.14
21 silly currentTree ├── duplexer3@0.1.4
21 silly currentTree ├── dustjs-linkedin@2.7.5
21 silly currentTree ├── each-async@1.1.1
21 silly currentTree ├── ee-first@1.1.1
21 silly currentTree ├── encodeurl@1.0.1
21 silly currentTree ├─┬ end-of-stream@0.1.5
21 silly currentTree │ └── once@1.3.3
21 silly currentTree ├─┬ engine.io-client@1.8.3
21 silly currentTree │ ├── component-emitter@1.2.1
21 silly currentTree │ ├── debug@2.3.3
21 silly currentTree │ └── ws@1.1.2
21 silly currentTree ├── engine.io-parser@1.3.2
21 silly currentTree ├─┬ engine.io@1.8.3
21 silly currentTree │ ├── debug@2.3.3
21 silly currentTree │ └── ws@1.1.2
21 silly currentTree ├── ent@2.2.0
21 silly currentTree ├── escape-html@1.0.3
21 silly currentTree ├── escape-string-regexp@1.0.5
21 silly currentTree ├── espree@3.1.7
21 silly currentTree ├── esutils@2.0.2
21 silly currentTree ├── etag@1.8.0
21 silly currentTree ├── eventemitter3@1.2.0
21 silly currentTree ├─┬ execa@0.4.0
21 silly currentTree │ └── object-assign@4.1.1
21 silly currentTree ├── exit@0.1.2
21 silly currentTree ├─┬ expand-braces@0.1.2
21 silly currentTree │ ├── braces@0.1.5
21 silly currentTree │ ├── expand-range@0.1.1
21 silly currentTree │ ├── is-number@0.1.1
21 silly currentTree │ └── repeat-string@0.2.2
21 silly currentTree ├── expand-brackets@0.1.5
21 silly currentTree ├── expand-range@1.8.2
21 silly currentTree ├── expand-tilde@1.2.2
21 silly currentTree ├── express-livereload@0.0.24
21 silly currentTree ├── express@4.15.2
21 silly currentTree ├── extend@3.0.0
21 silly currentTree ├── extglob@0.3.2
21 silly currentTree ├─┬ fancy-log@1.3.0
21 silly currentTree │ ├── ansi-regex@2.1.1
21 silly currentTree │ ├── ansi-styles@2.2.1
21 silly currentTree │ ├── chalk@1.1.3
21 silly currentTree │ ├── has-ansi@2.0.0
21 silly currentTree │ ├── strip-ansi@3.0.1
21 silly currentTree │ └── supports-color@2.0.0
21 silly currentTree ├── filename-regex@2.0.0
21 silly currentTree ├── fill-range@2.2.3
21 silly currentTree ├─┬ finalhandler@1.0.1
21 silly currentTree │ └── debug@2.6.3
21 silly currentTree ├── find-index@0.1.1
21 silly currentTree ├── findup-sync@0.4.3
21 silly currentTree ├── fined@1.0.2
21 silly currentTree ├── first-chunk-stream@1.0.0
21 silly currentTree ├── flagged-respawn@0.3.2
21 silly currentTree ├── for-in@1.0.2
21 silly currentTree ├── for-own@0.1.5
21 silly currentTree ├── forwarded@0.1.0
21 silly currentTree ├── fresh@0.5.0
21 silly currentTree ├── fs-access@1.0.1
21 silly currentTree ├── fs-exists-sync@0.1.0
21 silly currentTree ├── fs.realpath@1.0.0
21 silly currentTree ├─┬ fsevents@1.1.1
21 silly currentTree │ ├── abbrev@1.1.0
21 silly currentTree │ ├── ansi-regex@2.1.1
21 silly currentTree │ ├── ansi-styles@2.2.1
21 silly currentTree │ ├── aproba@1.1.1
21 silly currentTree │ ├── are-we-there-yet@1.1.2
21 silly currentTree │ ├── asn1@0.2.3
21 silly currentTree │ ├── assert-plus@0.2.0
21 silly currentTree │ ├── asynckit@0.4.0
21 silly currentTree │ ├── aws-sign2@0.6.0
21 silly currentTree │ ├── aws4@1.6.0
21 silly currentTree │ ├── balanced-match@0.4.2
21 silly currentTree │ ├── bcrypt-pbkdf@1.0.1
21 silly currentTree │ ├── block-stream@0.0.9
21 silly currentTree │ ├── boom@2.10.1
21 silly currentTree │ ├── brace-expansion@1.1.6
21 silly currentTree │ ├── buffer-shims@1.0.0
21 silly currentTree │ ├── caseless@0.11.0
21 silly currentTree │ ├── chalk@1.1.3
21 silly currentTree │ ├── code-point-at@1.1.0
21 silly currentTree │ ├── combined-stream@1.0.5
21 silly currentTree │ ├── commander@2.9.0
21 silly currentTree │ ├── concat-map@0.0.1
21 silly currentTree │ ├── console-control-strings@1.1.0
21 silly currentTree │ ├── core-util-is@1.0.2
21 silly currentTree │ ├── cryptiles@2.0.5
21 silly currentTree │ ├─┬ dashdash@1.14.1
21 silly currentTree │ │ └── assert-plus@1.0.0
21 silly currentTree │ ├── debug@2.2.0
21 silly currentTree │ ├── deep-extend@0.4.1
21 silly currentTree │ ├── delayed-stream@1.0.0
21 silly currentTree │ ├── delegates@1.0.0
21 silly currentTree │ ├── ecc-jsbn@0.1.1
21 silly currentTree │ ├── escape-string-regexp@1.0.5
21 silly currentTree │ ├── extend@3.0.0
21 silly currentTree │ ├── extsprintf@1.0.2
21 silly currentTree │ ├── forever-agent@0.6.1
21 silly currentTree │ ├── form-data@2.1.2
21 silly currentTree │ ├── fs.realpath@1.0.0
21 silly currentTree │ ├── fstream-ignore@1.0.5
21 silly currentTree │ ├── fstream@1.0.10
21 silly currentTree │ ├── gauge@2.7.3
21 silly currentTree │ ├── generate-function@2.0.0
21 silly currentTree │ ├── generate-object-property@1.2.0
21 silly currentTree │ ├─┬ getpass@0.1.6
21 silly currentTree │ │ └── assert-plus@1.0.0
21 silly currentTree │ ├── glob@7.1.1
21 silly currentTree │ ├── graceful-fs@4.1.11
21 silly currentTree │ ├── graceful-readlink@1.0.1
21 silly currentTree │ ├── har-validator@2.0.6
21 silly currentTree │ ├── has-ansi@2.0.0
21 silly currentTree │ ├── has-unicode@2.0.1
21 silly currentTree │ ├── hawk@3.1.3
21 silly currentTree │ ├── hoek@2.16.3
21 silly currentTree │ ├── http-signature@1.1.1
21 silly currentTree │ ├── inflight@1.0.6
21 silly currentTree │ ├── inherits@2.0.3
21 silly currentTree │ ├── ini@1.3.4
21 silly currentTree │ ├── is-fullwidth-code-point@1.0.0
21 silly currentTree │ ├── is-my-json-valid@2.15.0
21 silly currentTree │ ├── is-property@1.0.2
21 silly currentTree │ ├── is-typedarray@1.0.0
21 silly currentTree │ ├── isarray@1.0.0
21 silly currentTree │ ├── isstream@0.1.2
21 silly currentTree │ ├── jodid25519@1.0.2
21 silly currentTree │ ├── jsbn@0.1.1
21 silly currentTree │ ├── json-schema@0.2.3
21 silly currentTree │ ├── json-stringify-safe@5.0.1
21 silly currentTree │ ├── jsonpointer@4.0.1
21 silly currentTree │ ├── jsprim@1.3.1
21 silly currentTree │ ├── mime-db@1.26.0
21 silly currentTree │ ├── mime-types@2.1.14
21 silly currentTree │ ├── minimatch@3.0.3
21 silly currentTree │ ├── minimist@0.0.8
21 silly currentTree │ ├── mkdirp@0.5.1
21 silly currentTree │ ├── ms@0.7.1
21 silly currentTree │ ├── node-pre-gyp@0.6.33
21 silly currentTree │ ├── nopt@3.0.6
21 silly currentTree │ ├── npmlog@4.0.2
21 silly currentTree │ ├── number-is-nan@1.0.1
21 silly currentTree │ ├── oauth-sign@0.8.2
21 silly currentTree │ ├── object-assign@4.1.1
21 silly currentTree │ ├── once@1.4.0
21 silly currentTree │ ├── path-is-absolute@1.0.1
21 silly currentTree │ ├── pinkie-promise@2.0.1
21 silly currentTree │ ├── pinkie@2.0.4
21 silly currentTree │ ├── process-nextick-args@1.0.7
21 silly currentTree │ ├── punycode@1.4.1
21 silly currentTree │ ├── qs@6.3.1
21 silly currentTree │ ├─┬ rc@1.1.7
21 silly currentTree │ │ └── minimist@1.2.0
21 silly currentTree │ ├── readable-stream@2.2.2
21 silly currentTree │ ├── request@2.79.0
21 silly currentTree │ ├── rimraf@2.5.4
21 silly currentTree │ ├── semver@5.3.0
21 silly currentTree │ ├── set-blocking@2.0.0
21 silly currentTree │ ├── signal-exit@3.0.2
21 silly currentTree │ ├── sntp@1.0.9
21 silly currentTree │ ├─┬ sshpk@1.10.2
21 silly currentTree │ │ └── assert-plus@1.0.0
21 silly currentTree │ ├── string_decoder@0.10.31
21 silly currentTree │ ├── string-width@1.0.2
21 silly currentTree │ ├── stringstream@0.0.5
21 silly currentTree │ ├── strip-ansi@3.0.1
21 silly currentTree │ ├── strip-json-comments@2.0.1
21 silly currentTree │ ├── supports-color@2.0.0
21 silly currentTree │ ├─┬ tar-pack@3.3.0
21 silly currentTree │ │ ├── once@1.3.3
21 silly currentTree │ │ └── readable-stream@2.1.5
21 silly currentTree │ ├── tar@2.2.1
21 silly currentTree │ ├── tough-cookie@2.3.2
21 silly currentTree │ ├── tunnel-agent@0.4.3
21 silly currentTree │ ├── tweetnacl@0.14.5
21 silly currentTree │ ├── uid-number@0.0.6
21 silly currentTree │ ├── util-deprecate@1.0.2
21 silly currentTree │ ├── uuid@3.0.1
21 silly currentTree │ ├── verror@1.3.6
21 silly currentTree │ ├── wide-align@1.1.0
21 silly currentTree │ ├── wrappy@1.0.2
21 silly currentTree │ └── xtend@4.0.1
21 silly currentTree ├── gaze@0.5.2
21 silly currentTree ├── get-stream@3.0.0
21 silly currentTree ├── glob-base@0.3.0
21 silly currentTree ├── glob-parent@2.0.0
21 silly currentTree ├─┬ glob-stream@3.1.18
21 silly currentTree │ ├── glob@4.5.3
21 silly currentTree │ ├── isarray@0.0.1
21 silly currentTree │ ├── minimatch@2.0.10
21 silly currentTree │ ├── readable-stream@1.0.34
21 silly currentTree │ └── through2@0.6.5
21 silly currentTree ├── glob-watcher@0.0.6
21 silly currentTree ├── glob@7.1.1
21 silly currentTree ├── glob2base@0.0.12
21 silly currentTree ├── global-modules@0.2.3
21 silly currentTree ├── global-prefix@0.1.5
21 silly currentTree ├─┬ globby@2.1.0
21 silly currentTree │ └── glob@5.0.15
21 silly currentTree ├─┬ globule@0.1.0
21 silly currentTree │ ├── glob@3.1.21
21 silly currentTree │ ├── graceful-fs@1.2.3
21 silly currentTree │ ├── inherits@1.0.2
21 silly currentTree │ ├── lodash@1.0.2
21 silly currentTree │ └── minimatch@0.2.14
21 silly currentTree ├── glogg@1.0.0
21 silly currentTree ├── got@6.7.1
21 silly currentTree ├── graceful-fs@4.1.11
21 silly currentTree ├─┬ gulp-help@1.6.1
21 silly currentTree │ ├── ansi-regex@2.1.1
21 silly currentTree │ ├── ansi-styles@2.2.1
21 silly currentTree │ ├── chalk@1.1.3
21 silly currentTree │ ├── has-ansi@2.0.0
21 silly currentTree │ ├── strip-ansi@3.0.1
21 silly currentTree │ └── supports-color@2.0.0
21 silly currentTree ├── gulp-shell@0.5.2
21 silly currentTree ├─┬ gulp-util@3.0.8
21 silly currentTree │ ├── ansi-regex@2.1.1
21 silly currentTree │ ├── ansi-styles@2.2.1
21 silly currentTree │ ├── chalk@1.1.3
21 silly currentTree │ ├── has-ansi@2.0.0
21 silly currentTree │ ├── strip-ansi@3.0.1
21 silly currentTree │ └── supports-color@2.0.0
21 silly currentTree ├─┬ gulp@3.9.1
21 silly currentTree │ ├── ansi-regex@2.1.1
21 silly currentTree │ ├── ansi-styles@2.2.1
21 silly currentTree │ ├── chalk@1.1.3
21 silly currentTree │ ├── has-ansi@2.0.0
21 silly currentTree │ ├── strip-ansi@3.0.1
21 silly currentTree │ └── supports-color@2.0.0
21 silly currentTree ├── gulplog@1.0.0
21 silly currentTree ├── has-ansi@0.1.0
21 silly currentTree ├─┬ has-binary@0.1.7
21 silly currentTree │ └── isarray@0.0.1
21 silly currentTree ├── has-cors@1.1.0
21 silly currentTree ├── has-gulplog@0.1.0
21 silly currentTree ├── homedir-polyfill@1.0.1
21 silly currentTree ├── http-errors@1.6.1
21 silly currentTree ├── http-proxy@1.16.2
21 silly currentTree ├── iconv-lite@0.4.15
21 silly currentTree ├── imurmurhash@0.1.4
21 silly currentTree ├── indexof@0.0.1
21 silly currentTree ├── inflight@1.0.6
21 silly currentTree ├── inherits@2.0.3
21 silly currentTree ├── ini@1.3.4
21 silly currentTree ├── interpret@1.0.1
21 silly currentTree ├── ipaddr.js@1.3.0
21 silly currentTree ├── is-absolute@0.2.6
21 silly currentTree ├── is-binary-path@1.0.1
21 silly currentTree ├── is-buffer@1.1.5
21 silly currentTree ├── is-dotfile@1.0.2
21 silly currentTree ├── is-equal-shallow@0.1.3
21 silly currentTree ├── is-extendable@0.1.1
21 silly currentTree ├── is-extglob@1.0.0
21 silly currentTree ├── is-fullwidth-code-point@1.0.0
21 silly currentTree ├── is-glob@2.0.1
21 silly currentTree ├── is-npm@1.0.0
21 silly currentTree ├── is-number@2.1.0
21 silly currentTree ├── is-obj@1.0.1
21 silly currentTree ├── is-path-cwd@1.0.0
21 silly currentTree ├── is-path-in-cwd@1.0.0
21 silly currentTree ├── is-path-inside@1.0.0
21 silly currentTree ├── is-posix-bracket@0.1.1
21 silly currentTree ├── is-primitive@2.0.0
21 silly currentTree ├── is-redirect@1.0.0
21 silly currentTree ├── is-relative@0.2.1
21 silly currentTree ├── is-retry-allowed@1.1.0
21 silly currentTree ├── is-stream@1.1.0
21 silly currentTree ├── is-unc-path@0.1.2
21 silly currentTree ├── is-utf8@0.2.1
21 silly currentTree ├── is-windows@0.2.0
21 silly currentTree ├── isarray@1.0.0
21 silly currentTree ├── isbinaryfile@3.0.2
21 silly currentTree ├── isexe@2.0.0
21 silly currentTree ├── isobject@2.1.0
21 silly currentTree ├── jasmine-core@2.5.2
21 silly currentTree ├── jasmine@2.5.3
21 silly currentTree ├── jquery@3.2.1
21 silly currentTree ├── js-tokens@3.0.1
21 silly currentTree ├── js2xmlparser@1.0.0
21 silly currentTree ├─┬ jsdoc@3.4.3
21 silly currentTree │ └── bluebird@3.4.7
21 silly currentTree ├── json3@3.3.2
21 silly currentTree ├── karma-chrome-launcher@0.2.3
21 silly currentTree ├─┬ karma-jasmine-html-reporter@0.1.8
21 silly currentTree │ └── karma-jasmine@0.2.3
21 silly currentTree ├── karma-jasmine@0.3.8
21 silly currentTree ├─┬ karma@0.13.22
21 silly currentTree │ ├── bluebird@2.11.0
21 silly currentTree │ └── lodash@3.10.1
21 silly currentTree ├── kind-of@3.1.0
21 silly currentTree ├── klaw@1.3.1
21 silly currentTree ├── latest-version@3.1.0
21 silly currentTree ├── lazy-req@2.0.0
21 silly currentTree ├── liftoff@2.3.0
21 silly currentTree ├── livereload@0.3.3
21 silly currentTree ├── lodash._basecopy@3.0.1
21 silly currentTree ├── lodash._basetostring@3.0.1
21 silly currentTree ├── lodash._basevalues@3.0.0
21 silly currentTree ├── lodash._getnative@3.9.1
21 silly currentTree ├── lodash._isiterateecall@3.0.9
21 silly currentTree ├── lodash._reescape@3.0.0
21 silly currentTree ├── lodash._reevaluate@3.0.0
21 silly currentTree ├── lodash._reinterpolate@3.0.0
21 silly currentTree ├── lodash._root@3.0.1
21 silly currentTree ├── lodash.assignwith@4.2.0
21 silly currentTree ├── lodash.escape@3.2.0
21 silly currentTree ├── lodash.isarguments@3.1.0
21 silly currentTree ├── lodash.isarray@3.0.4
21 silly currentTree ├── lodash.isempty@4.4.0
21 silly currentTree ├── lodash.isplainobject@4.0.6
21 silly currentTree ├── lodash.isstring@4.0.1
21 silly currentTree ├── lodash.keys@3.1.2
21 silly currentTree ├── lodash.mapvalues@4.6.0
21 silly currentTree ├── lodash.pick@4.4.0
21 silly currentTree ├── lodash.restparam@3.6.1
21 silly currentTree ├── lodash.template@3.6.2
21 silly currentTree ├── lodash.templatesettings@3.1.1
21 silly currentTree ├── lodash@4.17.4
21 silly currentTree ├─┬ log4js@0.6.38
21 silly currentTree │ ├── isarray@0.0.1
21 silly currentTree │ └── readable-stream@1.0.34
21 silly currentTree ├── lowercase-keys@1.0.0
21 silly currentTree ├── lru-cache@2.7.3
21 silly currentTree ├── map-cache@0.2.2
21 silly currentTree ├── marked@0.3.6
21 silly currentTree ├── media-typer@0.3.0
21 silly currentTree ├── merge-descriptors@1.0.1
21 silly currentTree ├── methods@1.1.2
21 silly currentTree ├── micromatch@2.3.11
21 silly currentTree ├── mime-db@1.27.0
21 silly currentTree ├── mime-types@2.1.15
21 silly currentTree ├── mime@1.3.4
21 silly currentTree ├── minimatch@3.0.3
21 silly currentTree ├── minimist@1.2.0
21 silly currentTree ├─┬ mkdirp@0.5.1
21 silly currentTree │ └── minimist@0.0.8
21 silly currentTree ├── moment@2.18.1
21 silly currentTree ├── ms@0.7.2
21 silly currentTree ├── multipipe@0.1.2
21 silly currentTree ├── nan@2.5.1
21 silly currentTree ├── natives@1.1.0
21 silly currentTree ├── negotiator@0.6.1
21 silly currentTree ├── normalize-path@2.0.1
21 silly currentTree ├── npm-run-path@1.0.0
21 silly currentTree ├── null-check@1.0.0
21 silly currentTree ├── number-is-nan@1.0.1
21 silly currentTree ├── object-assign@3.0.0
21 silly currentTree ├── object-component@0.0.3
21 silly currentTree ├── object.omit@2.0.1
21 silly currentTree ├── on-finished@2.3.0
21 silly currentTree ├── once@1.4.0
21 silly currentTree ├─┬ onchange@2.5.0
21 silly currentTree │ ├── cross-spawn@4.0.2
21 silly currentTree │ └── lru-cache@4.0.2
21 silly currentTree ├── onetime@1.1.0
21 silly currentTree ├─┬ optimist@0.6.1
21 silly currentTree │ └── minimist@0.0.10
21 silly currentTree ├── options@0.0.6
21 silly currentTree ├── orchestrator@0.3.8
21 silly currentTree ├── ordered-read-streams@0.1.0
21 silly currentTree ├── os-homedir@1.0.2
21 silly currentTree ├── os-tmpdir@1.0.2
21 silly currentTree ├─┬ package-json@4.0.0
21 silly currentTree │ └── semver@5.3.0
21 silly currentTree ├── parse-filepath@1.0.1
21 silly currentTree ├── parse-glob@3.0.4
21 silly currentTree ├── parse-passwd@1.0.0
21 silly currentTree ├── parsejson@0.0.3
21 silly currentTree ├── parseqs@0.0.5
21 silly currentTree ├── parseuri@0.0.5
21 silly currentTree ├── parseurl@1.3.1
21 silly currentTree ├── path-is-absolute@1.0.1
21 silly currentTree ├── path-is-inside@1.0.2
21 silly currentTree ├── path-key@1.0.0
21 silly currentTree ├── path-parse@1.0.5
21 silly currentTree ├── path-root-regex@0.1.2
21 silly currentTree ├── path-root@0.1.1
21 silly currentTree ├── path-to-regexp@0.1.7
21 silly currentTree ├── prepend-http@1.0.4
21 silly currentTree ├── preserve@0.2.0
21 silly currentTree ├── pretty-hrtime@1.0.3
21 silly currentTree ├── process-nextick-args@1.0.7
21 silly currentTree ├── proxy-addr@1.1.4
21 silly currentTree ├── pseudomap@1.0.2
21 silly currentTree ├── qs@6.4.0
21 silly currentTree ├── randomatic@1.1.6
21 silly currentTree ├── range-parser@1.2.0
21 silly currentTree ├── raw-body@2.2.0
21 silly currentTree ├── rc@1.1.7
21 silly currentTree ├── readable-stream@2.2.6
21 silly currentTree ├── readdirp@2.1.0
21 silly currentTree ├── rechoir@0.6.2
21 silly currentTree ├── reflect-metadata@0.1.10
21 silly currentTree ├── regex-cache@0.4.3
21 silly currentTree ├── registry-auth-token@3.1.0
21 silly currentTree ├── registry-url@3.1.0
21 silly currentTree ├── repeat-element@1.1.2
21 silly currentTree ├── repeat-string@1.6.1
21 silly currentTree ├── replace-ext@0.0.1
21 silly currentTree ├── requires-port@1.0.0
21 silly currentTree ├─┬ requizzle@0.2.1
21 silly currentTree │ └── underscore@1.6.0
21 silly currentTree ├── resolve-dir@0.1.1
21 silly currentTree ├── resolve@1.3.2
21 silly currentTree ├── rimraf@2.6.1
21 silly currentTree ├── rsvp@3.5.0
21 silly currentTree ├── run-sequence@1.2.2
21 silly currentTree ├── rx@2.3.24
21 silly currentTree ├── rxjs@5.0.0-beta.12
21 silly currentTree ├── safe-buffer@5.0.1
21 silly currentTree ├─┬ semver-diff@2.1.0
21 silly currentTree │ └── semver@5.3.0
21 silly currentTree ├── semver@4.3.6
21 silly currentTree ├── send@0.15.1
21 silly currentTree ├── sequencify@0.0.7
21 silly currentTree ├── serve-static@1.12.1
21 silly currentTree ├── set-immediate-shim@1.0.1
21 silly currentTree ├── setprototypeof@1.0.3
21 silly currentTree ├── sigmund@1.0.1
21 silly currentTree ├── slide@1.1.6
21 silly currentTree ├─┬ socket.io-adapter@0.5.0
21 silly currentTree │ └── debug@2.3.3
21 silly currentTree ├─┬ socket.io-client@1.7.3
21 silly currentTree │ ├── component-emitter@1.2.1
21 silly currentTree │ └── debug@2.3.3
21 silly currentTree ├─┬ socket.io-parser@2.3.1
21 silly currentTree │ ├── debug@2.2.0
21 silly currentTree │ ├── isarray@0.0.1
21 silly currentTree │ └── ms@0.7.1
21 silly currentTree ├─┬ socket.io@1.7.3
21 silly currentTree │ ├── debug@2.3.3
21 silly currentTree │ └── object-assign@4.1.0
21 silly currentTree ├─┬ source-map-support@0.2.10
21 silly currentTree │ └── source-map@0.1.32
21 silly currentTree ├── source-map@0.5.6
21 silly currentTree ├── sparkles@1.0.0
21 silly currentTree ├── statuses@1.3.1
21 silly currentTree ├── stream-consume@0.1.0
21 silly currentTree ├── string_decoder@0.10.31
21 silly currentTree ├─┬ string-width@2.0.0
21 silly currentTree │ ├── ansi-regex@2.1.1
21 silly currentTree │ ├── is-fullwidth-code-point@2.0.0
21 silly currentTree │ └── strip-ansi@3.0.1
21 silly currentTree ├── strip-ansi@0.3.0
21 silly currentTree ├── strip-bom@1.0.0
21 silly currentTree ├── strip-eof@1.0.0
21 silly currentTree ├── strip-json-comments@2.0.1
21 silly currentTree ├── supports-color@0.2.0
21 silly currentTree ├── symbol-observable@1.0.4
21 silly currentTree ├── systemjs@0.19.27
21 silly currentTree ├── taffydb@2.6.2
21 silly currentTree ├── term-size@0.1.1
21 silly currentTree ├── tether@1.4.0
21 silly currentTree ├── through2@2.0.3
21 silly currentTree ├── tildify@1.2.0
21 silly currentTree ├── time-stamp@1.0.1
21 silly currentTree ├── timed-out@4.0.1
21 silly currentTree ├── tinycolor@0.0.1
21 silly currentTree ├── tmp@0.0.31
21 silly currentTree ├── to-array@0.1.4
21 silly currentTree ├─┬ traceur@0.0.91
21 silly currentTree │ ├── glob@4.3.5
21 silly currentTree │ ├── minimatch@2.0.10
21 silly currentTree │ └── semver@2.3.2
21 silly currentTree ├─┬ tslint@4.5.1
21 silly currentTree │ └─┬ findup-sync@0.3.0
21 silly currentTree │   └── glob@5.0.15
21 silly currentTree ├── tsutils@1.4.0
21 silly currentTree ├── type-is@1.6.14
21 silly currentTree ├── typescript@2.2.1
21 silly currentTree ├── ultron@1.0.2
21 silly currentTree ├── unc-path-regex@0.1.2
21 silly currentTree ├─┬ underscore-contrib@0.3.0
21 silly currentTree │ └── underscore@1.6.0
21 silly currentTree ├── underscore@1.8.3
21 silly currentTree ├── unique-stream@1.0.0
21 silly currentTree ├── unique-string@1.0.0
21 silly currentTree ├── unpipe@1.0.0
21 silly currentTree ├── unzip-response@2.0.1
21 silly currentTree ├─┬ update-notifier@2.1.0
21 silly currentTree │ ├── ansi-regex@2.1.1
21 silly currentTree │ ├── ansi-styles@2.2.1
21 silly currentTree │ ├── chalk@1.1.3
21 silly currentTree │ ├── has-ansi@2.0.0
21 silly currentTree │ ├── strip-ansi@3.0.1
21 silly currentTree │ └── supports-color@2.0.0
21 silly currentTree ├── url-parse-lax@1.0.0
21 silly currentTree ├── user-home@1.1.1
21 silly currentTree ├─┬ useragent@2.1.12
21 silly currentTree │ └── lru-cache@2.2.4
21 silly currentTree ├── util-deprecate@1.0.2
21 silly currentTree ├── utils-merge@1.0.0
21 silly currentTree ├── v8flags@2.0.11
21 silly currentTree ├── validate.js@0.11.1
21 silly currentTree ├── vary@1.1.1
21 silly currentTree ├─┬ vinyl-fs@0.3.14
21 silly currentTree │ ├── clone@0.2.0
21 silly currentTree │ ├── graceful-fs@3.0.11
21 silly currentTree │ ├── isarray@0.0.1
21 silly currentTree │ ├── readable-stream@1.0.34
21 silly currentTree │ ├── through2@0.6.5
21 silly currentTree │ └── vinyl@0.4.6
21 silly currentTree ├── vinyl@0.5.3
21 silly currentTree ├── void-elements@2.0.1
21 silly currentTree ├── watchr@2.1.6
21 silly currentTree ├── websocket.io@0.2.1
21 silly currentTree ├── when@3.7.8
21 silly currentTree ├── which@1.2.14
21 silly currentTree ├─┬ widest-line@1.0.0
21 silly currentTree │ ├── ansi-regex@2.1.1
21 silly currentTree │ ├── string-width@1.0.2
21 silly currentTree │ └── strip-ansi@3.0.1
21 silly currentTree ├── wordwrap@0.0.3
21 silly currentTree ├── wrappy@1.0.2
21 silly currentTree ├── write-file-atomic@1.3.1
21 silly currentTree ├─┬ ws@0.4.20
21 silly currentTree │ └── commander@0.6.1
21 silly currentTree ├── wtf-8@1.0.0
21 silly currentTree ├── xdg-basedir@3.0.0
21 silly currentTree ├── xmlhttprequest-ssl@1.5.3
21 silly currentTree ├── xtend@4.0.1
21 silly currentTree ├── yallist@2.1.2
21 silly currentTree ├── yeast@0.1.2
21 silly currentTree └── zone.js@0.6.26
22 silly idealTree bossyui@0.0.1
22 silly idealTree ├── @angular/common@2.0.0
22 silly idealTree ├── @angular/compiler@2.0.0
22 silly idealTree ├── @angular/core@2.0.0
22 silly idealTree ├── @angular/forms@2.0.0
22 silly idealTree ├── @angular/http@2.0.0
22 silly idealTree ├── @angular/platform-browser-dynamic@2.0.0
22 silly idealTree ├── @angular/platform-browser@2.0.0
22 silly idealTree ├── @angular/router@3.0.0
22 silly idealTree ├── @angular/upgrade@2.0.0
22 silly idealTree ├── @types/core-js@0.9.35
22 silly idealTree ├── @types/jasmine@2.5.46
22 silly idealTree ├── @types/node@7.0.5
22 silly idealTree ├── @types/validate.js@0.0.2
22 silly idealTree ├── accepts@1.3.3
22 silly idealTree ├── ace-builds@1.2.6
22 silly idealTree ├── acorn-jsx@3.0.1
22 silly idealTree ├── acorn@3.3.0
22 silly idealTree ├── after@0.8.2
22 silly idealTree ├── amdefine@1.0.1
22 silly idealTree ├── angular2-in-memory-web-api@0.0.20
22 silly idealTree ├─┬ ansi-align@1.1.0
22 silly idealTree │ ├── ansi-regex@2.1.1
22 silly idealTree │ ├── string-width@1.0.2
22 silly idealTree │ └── strip-ansi@3.0.1
22 silly idealTree ├── ansi-regex@0.2.1
22 silly idealTree ├── ansi-styles@1.1.0
22 silly idealTree ├── anymatch@1.3.0
22 silly idealTree ├── archy@1.0.0
22 silly idealTree ├── arr-diff@2.0.0
22 silly idealTree ├── arr-flatten@1.0.1
22 silly idealTree ├── array-differ@1.0.0
22 silly idealTree ├── array-flatten@1.1.1
22 silly idealTree ├── array-slice@0.2.3
22 silly idealTree ├── array-union@1.0.2
22 silly idealTree ├── array-uniq@1.0.3
22 silly idealTree ├── array-unique@0.2.1
22 silly idealTree ├── arraybuffer.slice@0.0.6
22 silly idealTree ├── arrify@1.0.1
22 silly idealTree ├── async-each@1.0.1
22 silly idealTree ├── async@1.5.2
22 silly idealTree ├─┬ babel-code-frame@6.22.0
22 silly idealTree │ ├── ansi-regex@2.1.1
22 silly idealTree │ ├── ansi-styles@2.2.1
22 silly idealTree │ ├── chalk@1.1.3
22 silly idealTree │ ├── has-ansi@2.0.0
22 silly idealTree │ ├── strip-ansi@3.0.1
22 silly idealTree │ └── supports-color@2.0.0
22 silly idealTree ├── backo2@1.0.2
22 silly idealTree ├── bal-util@1.13.13
22 silly idealTree ├── balanced-match@0.4.2
22 silly idealTree ├── base64-arraybuffer@0.1.5
22 silly idealTree ├── base64id@1.0.0
22 silly idealTree ├── batch@0.5.3
22 silly idealTree ├── beeper@1.1.1
22 silly idealTree ├── better-assert@1.0.2
22 silly idealTree ├── binary-extensions@1.8.0
22 silly idealTree ├── blob@0.0.4
22 silly idealTree ├── bluebird@2.9.6
22 silly idealTree ├── body-parser@1.17.1
22 silly idealTree ├── bootstrap@4.0.0-alpha.6
22 silly idealTree ├─┬ boxen@1.0.0
22 silly idealTree │ ├── ansi-regex@2.1.1
22 silly idealTree │ ├── ansi-styles@2.2.1
22 silly idealTree │ ├── chalk@1.1.3
22 silly idealTree │ ├── has-ansi@2.0.0
22 silly idealTree │ ├── strip-ansi@3.0.1
22 silly idealTree │ └── supports-color@2.0.0
22 silly idealTree ├── brace-expansion@1.1.6
22 silly idealTree ├── braces@1.8.5
22 silly idealTree ├── buffer-shims@1.0.0
22 silly idealTree ├── bytes@2.4.0
22 silly idealTree ├── callsite@1.0.0
22 silly idealTree ├── camelcase@4.0.0
22 silly idealTree ├── capture-stack-trace@1.0.0
22 silly idealTree ├── catharsis@0.8.8
22 silly idealTree ├── chalk@0.5.1
22 silly idealTree ├── chokidar@1.5.2
22 silly idealTree ├── cli-boxes@1.0.0
22 silly idealTree ├── cli@1.0.1
22 silly idealTree ├── clone-stats@0.0.1
22 silly idealTree ├── clone@1.0.2
22 silly idealTree ├── code-point-at@1.1.0
22 silly idealTree ├── colors@1.1.2
22 silly idealTree ├── commander@2.6.0
22 silly idealTree ├── component-bind@1.0.0
22 silly idealTree ├── component-emitter@1.1.2
22 silly idealTree ├── component-inherit@0.0.3
22 silly idealTree ├── concat-map@0.0.1
22 silly idealTree ├── concurrently@2.2.0
22 silly idealTree ├── configstore@3.0.0
22 silly idealTree ├─┬ connect@3.6.0
22 silly idealTree │ └── finalhandler@1.0.0
22 silly idealTree ├─┬ consolidate@0.14.5
22 silly idealTree │ └── bluebird@3.5.0
22 silly idealTree ├── content-disposition@0.5.2
22 silly idealTree ├── content-type@1.0.2
22 silly idealTree ├── cookie-signature@1.0.6
22 silly idealTree ├── cookie@0.3.1
22 silly idealTree ├── core-js@2.4.1
22 silly idealTree ├── core-util-is@1.0.2
22 silly idealTree ├── create-error-class@3.0.2
22 silly idealTree ├─┬ cross-spawn-async@2.2.5
22 silly idealTree │ └── lru-cache@4.0.2
22 silly idealTree ├── cross-spawn@0.2.9
22 silly idealTree ├── crypto-random-string@1.0.0
22 silly idealTree ├── custom-event@1.0.1
22 silly idealTree ├── dateformat@2.0.0
22 silly idealTree ├── debug@2.6.1
22 silly idealTree ├── deep-extend@0.4.1
22 silly idealTree ├── defaults@1.0.3
22 silly idealTree ├── del@1.2.1
22 silly idealTree ├── depd@1.1.0
22 silly idealTree ├── deprecated@0.0.1
22 silly idealTree ├── destroy@1.0.4
22 silly idealTree ├── detect-file@0.1.0
22 silly idealTree ├── di@0.0.1
22 silly idealTree ├── diff@3.2.0
22 silly idealTree ├── dom-serialize@2.2.1
22 silly idealTree ├── dot-prop@4.1.1
22 silly idealTree ├─┬ duplexer2@0.0.2
22 silly idealTree │ ├── isarray@0.0.1
22 silly idealTree │ └── readable-stream@1.1.14
22 silly idealTree ├── duplexer3@0.1.4
22 silly idealTree ├── dustjs-linkedin@2.7.5
22 silly idealTree ├── each-async@1.1.1
22 silly idealTree ├── ee-first@1.1.1
22 silly idealTree ├── encodeurl@1.0.1
22 silly idealTree ├─┬ end-of-stream@0.1.5
22 silly idealTree │ └── once@1.3.3
22 silly idealTree ├─┬ engine.io-client@1.8.3
22 silly idealTree │ ├── component-emitter@1.2.1
22 silly idealTree │ ├── debug@2.3.3
22 silly idealTree │ └── ws@1.1.2
22 silly idealTree ├── engine.io-parser@1.3.2
22 silly idealTree ├─┬ engine.io@1.8.3
22 silly idealTree │ ├── debug@2.3.3
22 silly idealTree │ └── ws@1.1.2
22 silly idealTree ├── ent@2.2.0
22 silly idealTree ├── escape-html@1.0.3
22 silly idealTree ├── escape-string-regexp@1.0.5
22 silly idealTree ├── espree@3.1.7
22 silly idealTree ├── esutils@2.0.2
22 silly idealTree ├── etag@1.8.0
22 silly idealTree ├── eventemitter3@1.2.0
22 silly idealTree ├─┬ execa@0.4.0
22 silly idealTree │ └── object-assign@4.1.1
22 silly idealTree ├── exit@0.1.2
22 silly idealTree ├─┬ expand-braces@0.1.2
22 silly idealTree │ ├── braces@0.1.5
22 silly idealTree │ ├── expand-range@0.1.1
22 silly idealTree │ ├── is-number@0.1.1
22 silly idealTree │ └── repeat-string@0.2.2
22 silly idealTree ├── expand-brackets@0.1.5
22 silly idealTree ├── expand-range@1.8.2
22 silly idealTree ├── expand-tilde@1.2.2
22 silly idealTree ├── express-livereload@0.0.24
22 silly idealTree ├── express@4.15.2
22 silly idealTree ├── extend@3.0.0
22 silly idealTree ├── extglob@0.3.2
22 silly idealTree ├─┬ fancy-log@1.3.0
22 silly idealTree │ ├── ansi-regex@2.1.1
22 silly idealTree │ ├── ansi-styles@2.2.1
22 silly idealTree │ ├── chalk@1.1.3
22 silly idealTree │ ├── has-ansi@2.0.0
22 silly idealTree │ ├── strip-ansi@3.0.1
22 silly idealTree │ └── supports-color@2.0.0
22 silly idealTree ├── filename-regex@2.0.0
22 silly idealTree ├── fill-range@2.2.3
22 silly idealTree ├─┬ finalhandler@1.0.1
22 silly idealTree │ └── debug@2.6.3
22 silly idealTree ├── find-index@0.1.1
22 silly idealTree ├── findup-sync@0.4.3
22 silly idealTree ├── fined@1.0.2
22 silly idealTree ├── first-chunk-stream@1.0.0
22 silly idealTree ├── flagged-respawn@0.3.2
22 silly idealTree ├── for-in@1.0.2
22 silly idealTree ├── for-own@0.1.5
22 silly idealTree ├── forwarded@0.1.0
22 silly idealTree ├── fresh@0.5.0
22 silly idealTree ├── fs-access@1.0.1
22 silly idealTree ├── fs-exists-sync@0.1.0
22 silly idealTree ├── fs.realpath@1.0.0
22 silly idealTree ├─┬ fsevents@1.1.1
22 silly idealTree │ ├── abbrev@1.1.0
22 silly idealTree │ ├── ansi-regex@2.1.1
22 silly idealTree │ ├── ansi-styles@2.2.1
22 silly idealTree │ ├── aproba@1.1.1
22 silly idealTree │ ├── are-we-there-yet@1.1.2
22 silly idealTree │ ├── asn1@0.2.3
22 silly idealTree │ ├── assert-plus@0.2.0
22 silly idealTree │ ├── asynckit@0.4.0
22 silly idealTree │ ├── aws-sign2@0.6.0
22 silly idealTree │ ├── aws4@1.6.0
22 silly idealTree │ ├── balanced-match@0.4.2
22 silly idealTree │ ├── bcrypt-pbkdf@1.0.1
22 silly idealTree │ ├── block-stream@0.0.9
22 silly idealTree │ ├── boom@2.10.1
22 silly idealTree │ ├── brace-expansion@1.1.6
22 silly idealTree │ ├── buffer-shims@1.0.0
22 silly idealTree │ ├── caseless@0.11.0
22 silly idealTree │ ├── chalk@1.1.3
22 silly idealTree │ ├── code-point-at@1.1.0
22 silly idealTree │ ├── combined-stream@1.0.5
22 silly idealTree │ ├── commander@2.9.0
22 silly idealTree │ ├── concat-map@0.0.1
22 silly idealTree │ ├── console-control-strings@1.1.0
22 silly idealTree │ ├── core-util-is@1.0.2
22 silly idealTree │ ├── cryptiles@2.0.5
22 silly idealTree │ ├─┬ dashdash@1.14.1
22 silly idealTree │ │ └── assert-plus@1.0.0
22 silly idealTree │ ├── debug@2.2.0
22 silly idealTree │ ├── deep-extend@0.4.1
22 silly idealTree │ ├── delayed-stream@1.0.0
22 silly idealTree │ ├── delegates@1.0.0
22 silly idealTree │ ├── ecc-jsbn@0.1.1
22 silly idealTree │ ├── escape-string-regexp@1.0.5
22 silly idealTree │ ├── extend@3.0.0
22 silly idealTree │ ├── extsprintf@1.0.2
22 silly idealTree │ ├── forever-agent@0.6.1
22 silly idealTree │ ├── form-data@2.1.2
22 silly idealTree │ ├── fs.realpath@1.0.0
22 silly idealTree │ ├── fstream-ignore@1.0.5
22 silly idealTree │ ├── fstream@1.0.10
22 silly idealTree │ ├── gauge@2.7.3
22 silly idealTree │ ├── generate-function@2.0.0
22 silly idealTree │ ├── generate-object-property@1.2.0
22 silly idealTree │ ├─┬ getpass@0.1.6
22 silly idealTree │ │ └── assert-plus@1.0.0
22 silly idealTree │ ├── glob@7.1.1
22 silly idealTree │ ├── graceful-fs@4.1.11
22 silly idealTree │ ├── graceful-readlink@1.0.1
22 silly idealTree │ ├── har-validator@2.0.6
22 silly idealTree │ ├── has-ansi@2.0.0
22 silly idealTree │ ├── has-unicode@2.0.1
22 silly idealTree │ ├── hawk@3.1.3
22 silly idealTree │ ├── hoek@2.16.3
22 silly idealTree │ ├── http-signature@1.1.1
22 silly idealTree │ ├── inflight@1.0.6
22 silly idealTree │ ├── inherits@2.0.3
22 silly idealTree │ ├── ini@1.3.4
22 silly idealTree │ ├── is-fullwidth-code-point@1.0.0
22 silly idealTree │ ├── is-my-json-valid@2.15.0
22 silly idealTree │ ├── is-property@1.0.2
22 silly idealTree │ ├── is-typedarray@1.0.0
22 silly idealTree │ ├── isarray@1.0.0
22 silly idealTree │ ├── isstream@0.1.2
22 silly idealTree │ ├── jodid25519@1.0.2
22 silly idealTree │ ├── jsbn@0.1.1
22 silly idealTree │ ├── json-schema@0.2.3
22 silly idealTree │ ├── json-stringify-safe@5.0.1
22 silly idealTree │ ├── jsonpointer@4.0.1
22 silly idealTree │ ├── jsprim@1.3.1
22 silly idealTree │ ├── mime-db@1.26.0
22 silly idealTree │ ├── mime-types@2.1.14
22 silly idealTree │ ├── minimatch@3.0.3
22 silly idealTree │ ├── minimist@0.0.8
22 silly idealTree │ ├── mkdirp@0.5.1
22 silly idealTree │ ├── ms@0.7.1
22 silly idealTree │ ├── node-pre-gyp@0.6.33
22 silly idealTree │ ├── nopt@3.0.6
22 silly idealTree │ ├── npmlog@4.0.2
22 silly idealTree │ ├── number-is-nan@1.0.1
22 silly idealTree │ ├── oauth-sign@0.8.2
22 silly idealTree │ ├── object-assign@4.1.1
22 silly idealTree │ ├── once@1.4.0
22 silly idealTree │ ├── path-is-absolute@1.0.1
22 silly idealTree │ ├── pinkie-promise@2.0.1
22 silly idealTree │ ├── pinkie@2.0.4
22 silly idealTree │ ├── process-nextick-args@1.0.7
22 silly idealTree │ ├── punycode@1.4.1
22 silly idealTree │ ├── qs@6.3.1
22 silly idealTree │ ├─┬ rc@1.1.7
22 silly idealTree │ │ └── minimist@1.2.0
22 silly idealTree │ ├── readable-stream@2.2.2
22 silly idealTree │ ├── request@2.79.0
22 silly idealTree │ ├── rimraf@2.5.4
22 silly idealTree │ ├── semver@5.3.0
22 silly idealTree │ ├── set-blocking@2.0.0
22 silly idealTree │ ├── signal-exit@3.0.2
22 silly idealTree │ ├── sntp@1.0.9
22 silly idealTree │ ├─┬ sshpk@1.10.2
22 silly idealTree │ │ └── assert-plus@1.0.0
22 silly idealTree │ ├── string_decoder@0.10.31
22 silly idealTree │ ├── string-width@1.0.2
22 silly idealTree │ ├── stringstream@0.0.5
22 silly idealTree │ ├── strip-ansi@3.0.1
22 silly idealTree │ ├── strip-json-comments@2.0.1
22 silly idealTree │ ├── supports-color@2.0.0
22 silly idealTree │ ├─┬ tar-pack@3.3.0
22 silly idealTree │ │ ├── once@1.3.3
22 silly idealTree │ │ └── readable-stream@2.1.5
22 silly idealTree │ ├── tar@2.2.1
22 silly idealTree │ ├── tough-cookie@2.3.2
22 silly idealTree │ ├── tunnel-agent@0.4.3
22 silly idealTree │ ├── tweetnacl@0.14.5
22 silly idealTree │ ├── uid-number@0.0.6
22 silly idealTree │ ├── util-deprecate@1.0.2
22 silly idealTree │ ├── uuid@3.0.1
22 silly idealTree │ ├── verror@1.3.6
22 silly idealTree │ ├── wide-align@1.1.0
22 silly idealTree │ ├── wrappy@1.0.2
22 silly idealTree │ └── xtend@4.0.1
22 silly idealTree ├── gaze@0.5.2
22 silly idealTree ├── get-stream@3.0.0
22 silly idealTree ├── glob-base@0.3.0
22 silly idealTree ├── glob-parent@2.0.0
22 silly idealTree ├─┬ glob-stream@3.1.18
22 silly idealTree │ ├── glob@4.5.3
22 silly idealTree │ ├── isarray@0.0.1
22 silly idealTree │ ├── minimatch@2.0.10
22 silly idealTree │ ├── readable-stream@1.0.34
22 silly idealTree │ └── through2@0.6.5
22 silly idealTree ├── glob-watcher@0.0.6
22 silly idealTree ├── glob@7.1.1
22 silly idealTree ├── glob2base@0.0.12
22 silly idealTree ├── global-modules@0.2.3
22 silly idealTree ├── global-prefix@0.1.5
22 silly idealTree ├─┬ globby@2.1.0
22 silly idealTree │ └── glob@5.0.15
22 silly idealTree ├─┬ globule@0.1.0
22 silly idealTree │ ├── glob@3.1.21
22 silly idealTree │ ├── graceful-fs@1.2.3
22 silly idealTree │ ├── inherits@1.0.2
22 silly idealTree │ ├── lodash@1.0.2
22 silly idealTree │ └── minimatch@0.2.14
22 silly idealTree ├── glogg@1.0.0
22 silly idealTree ├── got@6.7.1
22 silly idealTree ├── graceful-fs@4.1.11
22 silly idealTree ├─┬ gulp-help@1.6.1
22 silly idealTree │ ├── ansi-regex@2.1.1
22 silly idealTree │ ├── ansi-styles@2.2.1
22 silly idealTree │ ├── chalk@1.1.3
22 silly idealTree │ ├── has-ansi@2.0.0
22 silly idealTree │ ├── strip-ansi@3.0.1
22 silly idealTree │ └── supports-color@2.0.0
22 silly idealTree ├── gulp-shell@0.5.2
22 silly idealTree ├─┬ gulp-util@3.0.8
22 silly idealTree │ ├── ansi-regex@2.1.1
22 silly idealTree │ ├── ansi-styles@2.2.1
22 silly idealTree │ ├── chalk@1.1.3
22 silly idealTree │ ├── has-ansi@2.0.0
22 silly idealTree │ ├── strip-ansi@3.0.1
22 silly idealTree │ └── supports-color@2.0.0
22 silly idealTree ├─┬ gulp@3.9.1
22 silly idealTree │ ├── ansi-regex@2.1.1
22 silly idealTree │ ├── ansi-styles@2.2.1
22 silly idealTree │ ├── chalk@1.1.3
22 silly idealTree │ ├── has-ansi@2.0.0
22 silly idealTree │ ├── strip-ansi@3.0.1
22 silly idealTree │ └── supports-color@2.0.0
22 silly idealTree ├── gulplog@1.0.0
22 silly idealTree ├── has-ansi@0.1.0
22 silly idealTree ├─┬ has-binary@0.1.7
22 silly idealTree │ └── isarray@0.0.1
22 silly idealTree ├── has-cors@1.1.0
22 silly idealTree ├── has-gulplog@0.1.0
22 silly idealTree ├── homedir-polyfill@1.0.1
22 silly idealTree ├── http-errors@1.6.1
22 silly idealTree ├── http-proxy@1.16.2
22 silly idealTree ├── iconv-lite@0.4.15
22 silly idealTree ├── imurmurhash@0.1.4
22 silly idealTree ├── indexof@0.0.1
22 silly idealTree ├── inflight@1.0.6
22 silly idealTree ├── inherits@2.0.3
22 silly idealTree ├── ini@1.3.4
22 silly idealTree ├── interpret@1.0.1
22 silly idealTree ├── ipaddr.js@1.3.0
22 silly idealTree ├── is-absolute@0.2.6
22 silly idealTree ├── is-binary-path@1.0.1
22 silly idealTree ├── is-buffer@1.1.5
22 silly idealTree ├── is-dotfile@1.0.2
22 silly idealTree ├── is-equal-shallow@0.1.3
22 silly idealTree ├── is-extendable@0.1.1
22 silly idealTree ├── is-extglob@1.0.0
22 silly idealTree ├── is-fullwidth-code-point@1.0.0
22 silly idealTree ├── is-glob@2.0.1
22 silly idealTree ├── is-npm@1.0.0
22 silly idealTree ├── is-number@2.1.0
22 silly idealTree ├── is-obj@1.0.1
22 silly idealTree ├── is-path-cwd@1.0.0
22 silly idealTree ├── is-path-in-cwd@1.0.0
22 silly idealTree ├── is-path-inside@1.0.0
22 silly idealTree ├── is-posix-bracket@0.1.1
22 silly idealTree ├── is-primitive@2.0.0
22 silly idealTree ├── is-redirect@1.0.0
22 silly idealTree ├── is-relative@0.2.1
22 silly idealTree ├── is-retry-allowed@1.1.0
22 silly idealTree ├── is-stream@1.1.0
22 silly idealTree ├── is-unc-path@0.1.2
22 silly idealTree ├── is-utf8@0.2.1
22 silly idealTree ├── is-windows@0.2.0
22 silly idealTree ├── isarray@1.0.0
22 silly idealTree ├── isbinaryfile@3.0.2
22 silly idealTree ├── isexe@2.0.0
22 silly idealTree ├── isobject@2.1.0
22 silly idealTree ├── jasmine-core@2.5.2
22 silly idealTree ├── jasmine@2.5.3
22 silly idealTree ├── jquery@3.2.1
22 silly idealTree ├── js-tokens@3.0.1
22 silly idealTree ├── js2xmlparser@1.0.0
22 silly idealTree ├─┬ jsdoc@3.4.3
22 silly idealTree │ └── bluebird@3.4.7
22 silly idealTree ├── json3@3.3.2
22 silly idealTree ├── karma-chrome-launcher@0.2.3
22 silly idealTree ├─┬ karma-jasmine-html-reporter@0.1.8
22 silly idealTree │ └── karma-jasmine@0.2.3
22 silly idealTree ├── karma-jasmine@0.3.8
22 silly idealTree ├─┬ karma@0.13.22
22 silly idealTree │ ├── bluebird@2.11.0
22 silly idealTree │ └── lodash@3.10.1
22 silly idealTree ├── kind-of@3.1.0
22 silly idealTree ├── klaw@1.3.1
22 silly idealTree ├── latest-version@3.1.0
22 silly idealTree ├── lazy-req@2.0.0
22 silly idealTree ├── liftoff@2.3.0
22 silly idealTree ├── livereload@0.3.3
22 silly idealTree ├── lodash._basecopy@3.0.1
22 silly idealTree ├── lodash._basetostring@3.0.1
22 silly idealTree ├── lodash._basevalues@3.0.0
22 silly idealTree ├── lodash._getnative@3.9.1
22 silly idealTree ├── lodash._isiterateecall@3.0.9
22 silly idealTree ├── lodash._reescape@3.0.0
22 silly idealTree ├── lodash._reevaluate@3.0.0
22 silly idealTree ├── lodash._reinterpolate@3.0.0
22 silly idealTree ├── lodash._root@3.0.1
22 silly idealTree ├── lodash.assignwith@4.2.0
22 silly idealTree ├── lodash.escape@3.2.0
22 silly idealTree ├── lodash.isarguments@3.1.0
22 silly idealTree ├── lodash.isarray@3.0.4
22 silly idealTree ├── lodash.isempty@4.4.0
22 silly idealTree ├── lodash.isplainobject@4.0.6
22 silly idealTree ├── lodash.isstring@4.0.1
22 silly idealTree ├── lodash.keys@3.1.2
22 silly idealTree ├── lodash.mapvalues@4.6.0
22 silly idealTree ├── lodash.pick@4.4.0
22 silly idealTree ├── lodash.restparam@3.6.1
22 silly idealTree ├── lodash.template@3.6.2
22 silly idealTree ├── lodash.templatesettings@3.1.1
22 silly idealTree ├── lodash@4.17.4
22 silly idealTree ├─┬ log4js@0.6.38
22 silly idealTree │ ├── isarray@0.0.1
22 silly idealTree │ └── readable-stream@1.0.34
22 silly idealTree ├── lowercase-keys@1.0.0
22 silly idealTree ├── lru-cache@2.7.3
22 silly idealTree ├── map-cache@0.2.2
22 silly idealTree ├── marked@0.3.6
22 silly idealTree ├── media-typer@0.3.0
22 silly idealTree ├── merge-descriptors@1.0.1
22 silly idealTree ├── methods@1.1.2
22 silly idealTree ├── micromatch@2.3.11
22 silly idealTree ├── mime-db@1.27.0
22 silly idealTree ├── mime-types@2.1.15
22 silly idealTree ├── mime@1.3.4
22 silly idealTree ├── minimatch@3.0.3
22 silly idealTree ├── minimist@1.2.0
22 silly idealTree ├─┬ mkdirp@0.5.1
22 silly idealTree │ └── minimist@0.0.8
22 silly idealTree ├── moment@2.18.1
22 silly idealTree ├── ms@0.7.2
22 silly idealTree ├── multipipe@0.1.2
22 silly idealTree ├── nan@2.5.1
22 silly idealTree ├── natives@1.1.0
22 silly idealTree ├── negotiator@0.6.1
22 silly idealTree ├── normalize-path@2.0.1
22 silly idealTree ├── npm-run-path@1.0.0
22 silly idealTree ├── null-check@1.0.0
22 silly idealTree ├── number-is-nan@1.0.1
22 silly idealTree ├── object-assign@3.0.0
22 silly idealTree ├── object-component@0.0.3
22 silly idealTree ├── object.omit@2.0.1
22 silly idealTree ├── on-finished@2.3.0
22 silly idealTree ├── once@1.4.0
22 silly idealTree ├─┬ onchange@2.5.0
22 silly idealTree │ ├── cross-spawn@4.0.2
22 silly idealTree │ └── lru-cache@4.0.2
22 silly idealTree ├── onetime@1.1.0
22 silly idealTree ├─┬ optimist@0.6.1
22 silly idealTree │ └── minimist@0.0.10
22 silly idealTree ├── options@0.0.6
22 silly idealTree ├── orchestrator@0.3.8
22 silly idealTree ├── ordered-read-streams@0.1.0
22 silly idealTree ├── os-homedir@1.0.2
22 silly idealTree ├── os-tmpdir@1.0.2
22 silly idealTree ├─┬ package-json@4.0.0
22 silly idealTree │ └── semver@5.3.0
22 silly idealTree ├── parse-filepath@1.0.1
22 silly idealTree ├── parse-glob@3.0.4
22 silly idealTree ├── parse-passwd@1.0.0
22 silly idealTree ├── parsejson@0.0.3
22 silly idealTree ├── parseqs@0.0.5
22 silly idealTree ├── parseuri@0.0.5
22 silly idealTree ├── parseurl@1.3.1
22 silly idealTree ├── path-is-absolute@1.0.1
22 silly idealTree ├── path-is-inside@1.0.2
22 silly idealTree ├── path-key@1.0.0
22 silly idealTree ├── path-parse@1.0.5
22 silly idealTree ├── path-root-regex@0.1.2
22 silly idealTree ├── path-root@0.1.1
22 silly idealTree ├── path-to-regexp@0.1.7
22 silly idealTree ├── prepend-http@1.0.4
22 silly idealTree ├── preserve@0.2.0
22 silly idealTree ├── pretty-hrtime@1.0.3
22 silly idealTree ├── process-nextick-args@1.0.7
22 silly idealTree ├── proxy-addr@1.1.4
22 silly idealTree ├── pseudomap@1.0.2
22 silly idealTree ├── qs@6.4.0
22 silly idealTree ├── randomatic@1.1.6
22 silly idealTree ├── range-parser@1.2.0
22 silly idealTree ├── raw-body@2.2.0
22 silly idealTree ├── rc@1.1.7
22 silly idealTree ├── readable-stream@2.2.6
22 silly idealTree ├── readdirp@2.1.0
22 silly idealTree ├── rechoir@0.6.2
22 silly idealTree ├── reflect-metadata@0.1.10
22 silly idealTree ├── regex-cache@0.4.3
22 silly idealTree ├── registry-auth-token@3.1.0
22 silly idealTree ├── registry-url@3.1.0
22 silly idealTree ├── repeat-element@1.1.2
22 silly idealTree ├── repeat-string@1.6.1
22 silly idealTree ├── replace-ext@0.0.1
22 silly idealTree ├── requires-port@1.0.0
22 silly idealTree ├─┬ requizzle@0.2.1
22 silly idealTree │ └── underscore@1.6.0
22 silly idealTree ├── resolve-dir@0.1.1
22 silly idealTree ├── resolve@1.3.2
22 silly idealTree ├── rimraf@2.6.1
22 silly idealTree ├── rsvp@3.5.0
22 silly idealTree ├── run-sequence@1.2.2
22 silly idealTree ├── rx@2.3.24
22 silly idealTree ├── rxjs@5.0.0-beta.12
22 silly idealTree ├── safe-buffer@5.0.1
22 silly idealTree ├─┬ semver-diff@2.1.0
22 silly idealTree │ └── semver@5.3.0
22 silly idealTree ├── semver@4.3.6
22 silly idealTree ├── send@0.15.1
22 silly idealTree ├── sequencify@0.0.7
22 silly idealTree ├── serve-static@1.12.1
22 silly idealTree ├── set-immediate-shim@1.0.1
22 silly idealTree ├── setprototypeof@1.0.3
22 silly idealTree ├── sigmund@1.0.1
22 silly idealTree ├── slide@1.1.6
22 silly idealTree ├─┬ socket.io-adapter@0.5.0
22 silly idealTree │ └── debug@2.3.3
22 silly idealTree ├─┬ socket.io-client@1.7.3
22 silly idealTree │ ├── component-emitter@1.2.1
22 silly idealTree │ └── debug@2.3.3
22 silly idealTree ├─┬ socket.io-parser@2.3.1
22 silly idealTree │ ├── debug@2.2.0
22 silly idealTree │ ├── isarray@0.0.1
22 silly idealTree │ └── ms@0.7.1
22 silly idealTree ├─┬ socket.io@1.7.3
22 silly idealTree │ ├── debug@2.3.3
22 silly idealTree │ └── object-assign@4.1.0
22 silly idealTree ├─┬ source-map-support@0.2.10
22 silly idealTree │ └── source-map@0.1.32
22 silly idealTree ├── source-map@0.5.6
22 silly idealTree ├── sparkles@1.0.0
22 silly idealTree ├── statuses@1.3.1
22 silly idealTree ├── stream-consume@0.1.0
22 silly idealTree ├── string_decoder@0.10.31
22 silly idealTree ├─┬ string-width@2.0.0
22 silly idealTree │ ├── ansi-regex@2.1.1
22 silly idealTree │ ├── is-fullwidth-code-point@2.0.0
22 silly idealTree │ └── strip-ansi@3.0.1
22 silly idealTree ├── strip-ansi@0.3.0
22 silly idealTree ├── strip-bom@1.0.0
22 silly idealTree ├── strip-eof@1.0.0
22 silly idealTree ├── strip-json-comments@2.0.1
22 silly idealTree ├── supports-color@0.2.0
22 silly idealTree ├── symbol-observable@1.0.4
22 silly idealTree ├── systemjs@0.19.27
22 silly idealTree ├── taffydb@2.6.2
22 silly idealTree ├── term-size@0.1.1
22 silly idealTree ├── tether@1.4.0
22 silly idealTree ├── through2@2.0.3
22 silly idealTree ├── tildify@1.2.0
22 silly idealTree ├── time-stamp@1.0.1
22 silly idealTree ├── timed-out@4.0.1
22 silly idealTree ├── tinycolor@0.0.1
22 silly idealTree ├── tmp@0.0.31
22 silly idealTree ├── to-array@0.1.4
22 silly idealTree ├─┬ traceur@0.0.91
22 silly idealTree │ ├── glob@4.3.5
22 silly idealTree │ ├── minimatch@2.0.10
22 silly idealTree │ └── semver@2.3.2
22 silly idealTree ├─┬ tslint@4.5.1
22 silly idealTree │ └─┬ findup-sync@0.3.0
22 silly idealTree │   └── glob@5.0.15
22 silly idealTree ├── tsutils@1.4.0
22 silly idealTree ├── type-is@1.6.14
22 silly idealTree ├── typescript@2.2.1
22 silly idealTree ├── ultron@1.0.2
22 silly idealTree ├── unc-path-regex@0.1.2
22 silly idealTree ├─┬ underscore-contrib@0.3.0
22 silly idealTree │ └── underscore@1.6.0
22 silly idealTree ├── underscore@1.8.3
22 silly idealTree ├── unique-stream@1.0.0
22 silly idealTree ├── unique-string@1.0.0
22 silly idealTree ├── unpipe@1.0.0
22 silly idealTree ├── unzip-response@2.0.1
22 silly idealTree ├─┬ update-notifier@2.1.0
22 silly idealTree │ ├── ansi-regex@2.1.1
22 silly idealTree │ ├── ansi-styles@2.2.1
22 silly idealTree │ ├── chalk@1.1.3
22 silly idealTree │ ├── has-ansi@2.0.0
22 silly idealTree │ ├── strip-ansi@3.0.1
22 silly idealTree │ └── supports-color@2.0.0
22 silly idealTree ├── url-parse-lax@1.0.0
22 silly idealTree ├── user-home@1.1.1
22 silly idealTree ├─┬ useragent@2.1.12
22 silly idealTree │ └── lru-cache@2.2.4
22 silly idealTree ├── util-deprecate@1.0.2
22 silly idealTree ├── utils-merge@1.0.0
22 silly idealTree ├── v8flags@2.0.11
22 silly idealTree ├── validate.js@0.11.1
22 silly idealTree ├── vary@1.1.1
22 silly idealTree ├─┬ vinyl-fs@0.3.14
22 silly idealTree │ ├── clone@0.2.0
22 silly idealTree │ ├── graceful-fs@3.0.11
22 silly idealTree │ ├── isarray@0.0.1
22 silly idealTree │ ├── readable-stream@1.0.34
22 silly idealTree │ ├── through2@0.6.5
22 silly idealTree │ └── vinyl@0.4.6
22 silly idealTree ├── vinyl@0.5.3
22 silly idealTree ├── void-elements@2.0.1
22 silly idealTree ├── watchr@2.1.6
22 silly idealTree ├── websocket.io@0.2.1
22 silly idealTree ├── when@3.7.8
22 silly idealTree ├── which@1.2.14
22 silly idealTree ├─┬ widest-line@1.0.0
22 silly idealTree │ ├── ansi-regex@2.1.1
22 silly idealTree │ ├── string-width@1.0.2
22 silly idealTree │ └── strip-ansi@3.0.1
22 silly idealTree ├── wordwrap@0.0.3
22 silly idealTree ├── wrappy@1.0.2
22 silly idealTree ├── write-file-atomic@1.3.1
22 silly idealTree ├─┬ ws@0.4.20
22 silly idealTree │ └── commander@0.6.1
22 silly idealTree ├── wtf-8@1.0.0
22 silly idealTree ├── xdg-basedir@3.0.0
22 silly idealTree ├── xmlhttprequest-ssl@1.5.3
22 silly idealTree ├── xtend@4.0.1
22 silly idealTree ├── yallist@2.1.2
22 silly idealTree ├── yeast@0.1.2
22 silly idealTree └── zone.js@0.6.26
23 silly generateActionsToTake Starting
24 silly install generateActionsToTake
25 silly generateActionsToTake Finishing
26 silly diffTrees action count 0
27 silly decomposeActions action count 0
28 silly runTopLevelLifecycles Starting
29 silly install runPreinstallTopLevelLifecycles
30 silly preinstall bossyui@0.0.1 /Users/DarkSide/pr0gramming/430/pairProg/cramIt/BossyUI/bossyui-3e969dd0
31 info lifecycle bossyui@0.0.1~preinstall: bossyui@0.0.1
32 silly lifecycle bossyui@0.0.1~preinstall: no script for preinstall, continuing
33 silly executeActions Starting
34 silly install executeActions
35 silly doSerial global-install 0
36 silly doParallel fetch 0
37 verbose correctMkdir /Users/DarkSide/.npm/_locks correctMkdir not in flight; initializing
38 verbose lock using /Users/DarkSide/.npm/_locks/staging-0b20a77008cd1bb6.lock for /Users/DarkSide/pr0gramming/430/pairProg/cramIt/BossyUI/node_modules/.staging
39 silly doParallel extract 0
40 silly doParallel preinstall 0
41 silly doReverseSerial remove 0
42 silly doSerial move 0
43 silly doSerial finalize 0
44 silly doSerial build 0
45 silly doSerial global-link 0
46 silly doParallel update-linked 0
47 silly doSerial install 0
48 silly doSerial postinstall 0
49 verbose unlock done using /Users/DarkSide/.npm/_locks/staging-0b20a77008cd1bb6.lock for /Users/DarkSide/pr0gramming/430/pairProg/cramIt/BossyUI/node_modules/.staging
50 silly executeActions Finishing
51 silly rollbackFailedOptional Starting
52 silly rollbackFailedOptional Finishing
53 silly install runPostinstallTopLevelLifecycles
54 silly build bossyui@0.0.1
55 info linkStuff bossyui@0.0.1
56 silly linkStuff bossyui@0.0.1 has /Users/DarkSide/pr0gramming/430/pairProg/cramIt as its parent node_modules
57 verbose linkBins bossyui@0.0.1
58 verbose linkMans bossyui@0.0.1
59 silly install bossyui@0.0.1 /Users/DarkSide/pr0gramming/430/pairProg/cramIt/BossyUI/bossyui-3e969dd0
60 info lifecycle bossyui@0.0.1~install: bossyui@0.0.1
61 verbose lifecycle bossyui@0.0.1~install: unsafe-perm in lifecycle true
62 verbose lifecycle bossyui@0.0.1~install: PATH: /usr/local/lib/node_modules/npm/bin/node-gyp-bin:/Users/DarkSide/pr0gramming/430/pairProg/cramIt/BossyUI/node_modules/.bin:/Users/DarkSide/perl5/perlbrew/bin:/Users/DarkSide/perl5/perlbrew/perls/perl-5.16.0/bin:/Library/Frameworks/Python.framework/Versions/3.5/bin:/usr/local/bin:/usr/bin:/bin:/usr/sbin:/sbin:/opt/X11/bin:/Library/Frameworks/Mono.framework/Versions/Current/Commands:.:/Users/DarkSide/bin
63 verbose lifecycle bossyui@0.0.1~install: CWD: /Users/DarkSide/pr0gramming/430/pairProg/cramIt/BossyUI
64 silly lifecycle bossyui@0.0.1~install: Args: [ '-c',
64 silly lifecycle   'concurrently "npm run compile" "npm run gulp site-install" "npm run setup-hooks"' ]
65 silly lifecycle bossyui@0.0.1~install: Returned: code: 1  signal: null
66 info lifecycle bossyui@0.0.1~install: Failed to exec install script
67 verbose stack Error: bossyui@0.0.1 install: `concurrently "npm run compile" "npm run gulp site-install" "npm run setup-hooks"`
67 verbose stack Exit status 1
67 verbose stack     at EventEmitter.<anonymous> (/usr/local/lib/node_modules/npm/lib/utils/lifecycle.js:255:16)
67 verbose stack     at emitTwo (events.js:106:13)
67 verbose stack     at EventEmitter.emit (events.js:191:7)
67 verbose stack     at ChildProcess.<anonymous> (/usr/local/lib/node_modules/npm/lib/utils/spawn.js:40:14)
67 verbose stack     at emitTwo (events.js:106:13)
67 verbose stack     at ChildProcess.emit (events.js:191:7)
67 verbose stack     at maybeClose (internal/child_process.js:877:16)
67 verbose stack     at Process.ChildProcess._handle.onexit (internal/child_process.js:226:5)
68 verbose pkgid bossyui@0.0.1
69 verbose cwd /Users/DarkSide/pr0gramming/430/pairProg/cramIt/BossyUI
70 error Darwin 15.6.0
71 error argv "/usr/local/bin/node" "/usr/local/bin/npm" "install"
72 error node v6.9.4
73 error npm  v3.10.10
74 error code ELIFECYCLE
75 error bossyui@0.0.1 install: `concurrently "npm run compile" "npm run gulp site-install" "npm run setup-hooks"`
75 error Exit status 1
76 error Failed at the bossyui@0.0.1 install script 'concurrently "npm run compile" "npm run gulp site-install" "npm run setup-hooks"'.
76 error Make sure you have the latest version of node.js and npm installed.
76 error If you do, this is most likely a problem with the bossyui package,
76 error not with npm itself.
76 error Tell the author that this fails on your system:
76 error     concurrently "npm run compile" "npm run gulp site-install" "npm run setup-hooks"
76 error You can get information on how to open an issue for this project with:
76 error     npm bugs bossyui
76 error Or if that isn't available, you can get their info via:
76 error     npm owner ls bossyui
76 error There is likely additional logging output above.
77 verbose exit [ 1, true ]
